[25Dec2024 00:01:29.394] [Server thread/WARN] [net.minecraft.stats.ServerStatsCounter/]: Invalid statistic in ./world/stats/df22fe92-577b-395e-b9ac-6fbd2f188cdf.json: Don't know what toughasnails:empty_iron_canteen is
[25Dec2024 00:01:29.398] [Server thread/WARN] [net.minecraft.stats.ServerStatsCounter/]: Invalid statistic in ./world/stats/df22fe92-577b-395e-b9ac-6fbd2f188cdf.json: Don't know what toughasnails:iron_water_canteen is
[25Dec2024 00:01:29.398] [Server thread/WARN] [net.minecraft.stats.ServerStatsCounter/]: Invalid statistic in ./world/stats/df22fe92-577b-395e-b9ac-6fbd2f188cdf.json: Don't know what toughasnails:iron_purified_water_canteen is
[25Dec2024 00:01:29.398] [Server thread/WARN] [net.minecraft.stats.ServerStatsCounter/]: Invalid statistic in ./world/stats/df22fe92-577b-395e-b9ac-6fbd2f188cdf.json: Don't know what toughasnails:empty_iron_canteen is
[25Dec2024 00:01:29.399] [Server thread/WARN] [net.minecraft.stats.ServerStatsCounter/]: Invalid statistic in ./world/stats/df22fe92-577b-395e-b9ac-6fbd2f188cdf.json: Don't know what toughasnails:diamond_purified_water_canteen is
[25Dec2024 00:01:29.400] [Server thread/WARN] [net.minecraft.stats.ServerStatsCounter/]: Invalid statistic in ./world/stats/df22fe92-577b-395e-b9ac-6fbd2f188cdf.json: Don't know what apotheosis:gem is
[25Dec2024 00:01:29.400] [Server thread/WARN] [net.minecraft.stats.ServerStatsCounter/]: Invalid statistic in ./world/stats/df22fe92-577b-395e-b9ac-6fbd2f188cdf.json: Don't know what toughasnails:iron_water_canteen is
[25Dec2024 00:01:29.400] [Server thread/WARN] [net.minecraft.stats.ServerStatsCounter/]: Invalid statistic in ./world/stats/df22fe92-577b-395e-b9ac-6fbd2f188cdf.json: Don't know what toughasnails:ice_cream is
[25Dec2024 00:01:29.401] [Server thread/WARN] [net.minecraft.stats.ServerStatsCounter/]: Invalid statistic in ./world/stats/df22fe92-577b-395e-b9ac-6fbd2f188cdf.json: Don't know what toughasnails:iron_purified_water_canteen is
[25Dec2024 00:01:29.401] [Server thread/WARN] [net.minecraft.stats.ServerStatsCounter/]: Invalid statistic in ./world/stats/df22fe92-577b-395e-b9ac-6fbd2f188cdf.json: Don't know what toughasnails:iron_water_canteen is
[25Dec2024 00:01:29.401] [Server thread/WARN] [net.minecraft.stats.ServerStatsCounter/]: Invalid statistic in ./world/stats/df22fe92-577b-395e-b9ac-6fbd2f188cdf.json: Don't know what toughasnails:ice_cream is
[25Dec2024 00:01:29.402] [Server thread/WARN] [net.minecraft.stats.ServerStatsCounter/]: Invalid statistic in ./world/stats/df22fe92-577b-395e-b9ac-6fbd2f188cdf.json: Don't know what toughasnails:diamond_purified_water_canteen is
[25Dec2024 00:01:29.402] [Server thread/WARN] [net.minecraft.stats.ServerStatsCounter/]: Invalid statistic in ./world/stats/df22fe92-577b-395e-b9ac-6fbd2f188cdf.json: Don't know what toughasnails:empty_iron_canteen is
[25Dec2024 00:01:29.402] [Server thread/WARN] [net.minecraft.stats.ServerStatsCounter/]: Invalid statistic in ./world/stats/df22fe92-577b-395e-b9ac-6fbd2f188cdf.json: Don't know what apotheosis:gem is
[25Dec2024 00:01:29.402] [Server thread/WARN] [net.minecraft.stats.ServerStatsCounter/]: Invalid statistic in ./world/stats/df22fe92-577b-395e-b9ac-6fbd2f188cdf.json: Don't know what toughasnails:iron_purified_water_canteen is
[25Dec2024 00:01:29.403] [Server thread/WARN] [net.minecraft.stats.ServerStatsCounter/]: Invalid statistic in ./world/stats/df22fe92-577b-395e-b9ac-6fbd2f188cdf.json: Don't know what toughasnails:diamond_purified_water_canteen is
[25Dec2024 00:01:29.427] [Server thread/WARN] [net.minecraft.server.PlayerAdvancements/]: Ignored advancement 'toughasnails:recipes/tools/empty_diamond_canteen' in progress file ./world/advancements/df22fe92-577b-395e-b9ac-6fbd2f188cdf.json - it doesn't exist anymore?
[25Dec2024 00:01:29.428] [Server thread/WARN] [net.minecraft.server.PlayerAdvancements/]: Ignored advancement 'toughasnails:recipes/tools/empty_iron_canteen' in progress file ./world/advancements/df22fe92-577b-395e-b9ac-6fbd2f188cdf.json - it doesn't exist anymore?
[25Dec2024 00:01:29.428] [Server thread/WARN] [net.minecraft.server.PlayerAdvancements/]: Ignored advancement 'toughasnails:recipes/food/apple_juice' in progress file ./world/advancements/df22fe92-577b-395e-b9ac-6fbd2f188cdf.json - it doesn't exist anymore?
[25Dec2024 00:01:29.429] [Server thread/WARN] [net.minecraft.server.PlayerAdvancements/]: Ignored advancement 'toughasnails:recipes/tools/thermometer' in progress file ./world/advancements/df22fe92-577b-395e-b9ac-6fbd2f188cdf.json - it doesn't exist anymore?
[25Dec2024 00:01:29.430] [Server thread/WARN] [net.minecraft.server.PlayerAdvancements/]: Ignored advancement 'apotheosis:affix/gem' in progress file ./world/advancements/df22fe92-577b-395e-b9ac-6fbd2f188cdf.json - it doesn't exist anymore?
[25Dec2024 00:01:29.430] [Server thread/WARN] [net.minecraft.server.PlayerAdvancements/]: Ignored advancement 'apotheosis:affix/root' in progress file ./world/advancements/df22fe92-577b-395e-b9ac-6fbd2f188cdf.json - it doesn't exist anymore?
[25Dec2024 00:01:29.430] [Server thread/WARN] [net.minecraft.server.PlayerAdvancements/]: Ignored advancement 'apotheosis:affix/chests' in progress file ./world/advancements/df22fe92-577b-395e-b9ac-6fbd2f188cdf.json - it doesn't exist anymore?
[25Dec2024 00:01:29.431] [Server thread/WARN] [net.minecraft.server.PlayerAdvancements/]: Ignored advancement 'toughasnails:recipes/decorations/rain_collector' in progress file ./world/advancements/df22fe92-577b-395e-b9ac-6fbd2f188cdf.json - it doesn't exist anymore?
[25Dec2024 00:01:29.431] [Server thread/WARN] [net.minecraft.server.PlayerAdvancements/]: Ignored advancement 'toughasnails:recipes/food/charc_os' in progress file ./world/advancements/df22fe92-577b-395e-b9ac-6fbd2f188cdf.json - it doesn't exist anymore?
[25Dec2024 00:01:29.431] [Server thread/WARN] [net.minecraft.server.PlayerAdvancements/]: Ignored advancement 'toughasnails:recipes/food/melon_juice' in progress file ./world/advancements/df22fe92-577b-395e-b9ac-6fbd2f188cdf.json - it doesn't exist anymore?
[25Dec2024 00:01:29.432] [Server thread/WARN] [net.minecraft.server.PlayerAdvancements/]: Ignored advancement 'apotheosis:affix/random' in progress file ./world/advancements/df22fe92-577b-395e-b9ac-6fbd2f188cdf.json - it doesn't exist anymore?
[25Dec2024 00:01:29.432] [Server thread/WARN] [net.minecraft.server.PlayerAdvancements/]: Ignored advancement 'apotheosis:affix/rare' in progress file ./world/advancements/df22fe92-577b-395e-b9ac-6fbd2f188cdf.json - it doesn't exist anymore?
[25Dec2024 00:01:29.432] [Server thread/WARN] [net.minecraft.server.PlayerAdvancements/]: Ignored advancement 'apotheosis:affix/rare_gem' in progress file ./world/advancements/df22fe92-577b-395e-b9ac-6fbd2f188cdf.json - it doesn't exist anymore?
[25Dec2024 00:01:29.433] [Server thread/WARN] [net.minecraft.server.PlayerAdvancements/]: Ignored advancement 'apotheosis:affix/boss' in progress file ./world/advancements/df22fe92-577b-395e-b9ac-6fbd2f188cdf.json - it doesn't exist anymore?
[25Dec2024 00:01:29.433] [Server thread/WARN] [net.minecraft.server.PlayerAdvancements/]: Ignored advancement 'toughasnails:recipes/tools/empty_gold_canteen' in progress file ./world/advancements/df22fe92-577b-395e-b9ac-6fbd2f188cdf.json - it doesn't exist anymore?
[25Dec2024 00:01:29.434] [Server thread/WARN] [net.minecraft.server.PlayerAdvancements/]: Ignored advancement 'apotheosis:affix/epic' in progress file ./world/advancements/df22fe92-577b-395e-b9ac-6fbd2f188cdf.json - it doesn't exist anymore?
[25Dec2024 00:01:29.454] [Server thread/WARN] [net.minecraft.world.entity.ai.attributes.AttributeMap/]: Ignoring unknown attribute 'attributeslib:creative_flight'
[25Dec2024 00:01:29.454] [Server thread/WARN] [net.minecraft.world.entity.ai.attributes.AttributeMap/]: Ignoring unknown attribute 'attributeslib:cold_damage'
[25Dec2024 00:01:29.455] [Server thread/ERROR] [net.minecraft.stats.ServerRecipeBook/]: Tried to load unrecognized recipe: toughasnails:charc_os removed now.
[25Dec2024 00:01:29.456] [Server thread/ERROR] [net.minecraft.stats.ServerRecipeBook/]: Tried to load unrecognized recipe: toughasnails:apple_juice removed now.
[25Dec2024 00:01:29.456] [Server thread/ERROR] [net.minecraft.stats.ServerRecipeBook/]: Tried to load unrecognized recipe: toughasnails:empty_diamond_canteen removed now.
[25Dec2024 00:01:29.457] [Server thread/ERROR] [net.minecraft.stats.ServerRecipeBook/]: Tried to load unrecognized recipe: toughasnails:rain_collector removed now.
[25Dec2024 00:01:29.457] [Server thread/ERROR] [net.minecraft.stats.ServerRecipeBook/]: Tried to load unrecognized recipe: toughasnails:empty_gold_canteen removed now.
[25Dec2024 00:01:29.458] [Server thread/ERROR] [net.minecraft.stats.ServerRecipeBook/]: Tried to load unrecognized recipe: toughasnails:thermometer removed now.
[25Dec2024 00:01:29.459] [Server thread/ERROR] [net.minecraft.stats.ServerRecipeBook/]: Tried to load unrecognized recipe: toughasnails:melon_juice removed now.
[25Dec2024 00:01:29.459] [Server thread/ERROR] [net.minecraft.stats.ServerRecipeBook/]: Tried to load unrecognized recipe: toughasnails:empty_iron_canteen removed now.
[25Dec2024 00:01:29.459] [Server thread/ERROR] [net.minecraft.stats.ServerRecipeBook/]: Tried to load unrecognized recipe: toughasnails:charc_os removed now.
[25Dec2024 00:01:29.460] [Server thread/ERROR] [net.minecraft.stats.ServerRecipeBook/]: Tried to load unrecognized recipe: toughasnails:apple_juice removed now.
[25Dec2024 00:01:29.460] [Server thread/ERROR] [net.minecraft.stats.ServerRecipeBook/]: Tried to load unrecognized recipe: toughasnails:empty_gold_canteen removed now.
[25Dec2024 00:01:29.461] [Server thread/ERROR] [net.minecraft.stats.ServerRecipeBook/]: Tried to load unrecognized recipe: toughasnails:thermometer removed now.
[25Dec2024 00:01:29.461] [Server thread/ERROR] [net.minecraft.stats.ServerRecipeBook/]: Tried to load unrecognized recipe: toughasnails:melon_juice removed now.
[25Dec2024 00:01:29.462] [Server thread/INFO] [net.minecraft.server.players.PlayerList/]: Luzbel1t0[/127.249.170.157:58261] logged in with entity id 37766 at (307.12496012467227, 70.0, 16.69999998807907)
[25Dec2024 00:01:29.498] [Server thread/INFO] [net.minecraft.server.MinecraftServer/]: Luzbel1t0 joined the game
[25Dec2024 00:01:29.654] [Server thread/INFO] [Jade/]: Syncing config to Luzbel1t0 (df22fe92-577b-395e-b9ac-6fbd2f188cdf)
[25Dec2024 00:01:29.716] [Server thread/INFO] [net.minecraft.server.MinecraftServer/]: Luzbel1t0 has made the advancement [Ice and Fire]
[25Dec2024 00:03:54.785] [Server thread/WARN] [net.minecraft.server.MinecraftServer/]: Can't keep up! Is the server overloaded? Running 2022ms or 40 ticks behind
[25Dec2024 00:06:29.379] [Server thread/INFO] [net.minecraft.server.players.PlayerList/]: Afarfa[/127.2.83.136:37547] logged in with entity id 40319 at (358.12167583754973, 63.0, -43.0531071200974)
[25Dec2024 00:06:29.399] [Server thread/INFO] [net.minecraft.server.MinecraftServer/]: Afarfa joined the game
[25Dec2024 00:06:29.503] [Server thread/INFO] [Jade/]: Syncing config to Afarfa (7d7a9792-b781-3893-9e35-be8b3107f4fe)
[25Dec2024 00:10:12.817] [Server thread/WARN] [net.minecraft.world.entity.ai.attributes.AttributeMap/]: Ignoring unknown attribute 'attributeslib:current_hp_damage'
[25Dec2024 00:10:12.817] [Server thread/WARN] [net.minecraft.world.entity.ai.attributes.AttributeMap/]: Ignoring unknown attribute 'attributeslib:crit_damage'
[25Dec2024 00:10:12.818] [Server thread/WARN] [net.minecraft.world.entity.ai.attributes.AttributeMap/]: Ignoring unknown attribute 'attributeslib:armor_shred'
[25Dec2024 00:10:12.861] [Server thread/WARN] [net.minecraft.world.entity.ai.attributes.AttributeMap/]: Ignoring unknown attribute 'attributeslib:arrow_velocity'
[25Dec2024 00:10:13.310] [Server thread/WARN] [net.minecraft.world.entity.ai.attributes.AttributeMap/]: Ignoring unknown attribute 'attributeslib:armor_pierce'
[25Dec2024 00:10:13.864] [Server thread/WARN] [net.minecraft.world.entity.ai.attributes.AttributeMap/]: Ignoring unknown attribute 'attributeslib:crit_damage'
[25Dec2024 00:10:13.866] [Server thread/WARN] [net.minecraft.world.entity.ai.attributes.AttributeMap/]: Ignoring unknown attribute 'attributeslib:cold_damage'
[25Dec2024 00:10:15.358] [Server thread/INFO] [net.minecraft.server.network.ServerGamePacketListenerImpl/]: Luzbel1t0 lost connection: Timed out
[25Dec2024 00:10:15.360] [Server thread/INFO] [net.minecraft.server.MinecraftServer/]: Luzbel1t0 left the game
[25Dec2024 00:10:15.510] [Server thread/WARN] [net.minecraft.network.Connection/]: handleDisconnection() called twice
[25Dec2024 00:10:17.953] [Server thread/WARN] [net.minecraft.server.MinecraftServer/]: Can't keep up! Is the server overloaded? Running 2090ms or 41 ticks behind
[25Dec2024 00:10:38.234] [Server thread/INFO] [net.minecraft.server.players.PlayerList/]: Luzbel1t0[/127.249.170.157:52017] logged in with entity id 42244 at (324.1764536811467, 60.0, 30.789373970974214)
[25Dec2024 00:10:38.324] [Server thread/INFO] [net.minecraft.server.MinecraftServer/]: Luzbel1t0 joined the game
[25Dec2024 00:10:38.456] [Server thread/INFO] [Jade/]: Syncing config to Luzbel1t0 (df22fe92-577b-395e-b9ac-6fbd2f188cdf)
[25Dec2024 00:10:44.379] [Server thread/WARN] [net.minecraft.server.MinecraftServer/]: Can't keep up! Is the server overloaded? Running 2016ms or 40 ticks behind
[25Dec2024 00:11:35.997] [Server thread/INFO] [net.minecraft.server.network.ServerGamePacketListenerImpl/]: Luzbel1t0 lost connection: Disconnected
[25Dec2024 00:11:35.998] [Server thread/INFO] [net.minecraft.server.MinecraftServer/]: Luzbel1t0 left the game
[25Dec2024 00:12:28.106] [Server thread/WARN] [net.minecraft.server.MinecraftServer/]: Can't keep up! Is the server overloaded? Running 2042ms or 40 ticks behind
